# JRE version: Java(TM) SE Runtime Environment (16.0.1+9) (build 16.0.1+9-24)
# Java VM: Java HotSpot(TM) 64-Bit Server VM (16.0.1+9-24, mixed mode, sharing, tiered, compressed oops, compressed class ptrs, g1 gc, windows-amd64)
GC Precious Log:
 CPUs: 12 total, 12 available
 Memory: 16315M
 Large Page Support: Disabled
 NUMA Support: Disabled
 Compressed Oops: Enabled (32-bit)
 Heap Region Size: 1M
 Heap Min Capacity: 8M
 Heap Initial Capacity: 256M
 Heap Max Capacity: 2G
 Pre-touch: Disabled
 Parallel Workers: 10
 Concurrent Workers: 3
 Concurrent Refinement Workers: 10
 Periodic GC: Disabled
Heap:
 garbage-first heap   total 229376K, used 158094K [0x0000000080000000, 0x0000000100000000)
  region size 1024K, 44 young (45056K), 5 survivors (5120K)
 Metaspace       used 125009K, committed 126272K, reserved 1163264K
  class space    used 16724K, committed 17344K, reserved 1048576K
GC Heap History (20 events):
Event: 1637.635 GC heap after
{Heap after GC invocations=84 (full 0):
 garbage-first heap   total 220160K, used 109429K [0x0000000080000000, 0x0000000100000000)
  region size 1024K, 1 young (1024K), 1 survivors (1024K)
 Metaspace       used 115165K, committed 116288K, reserved 1155072K
  class space    used 15496K, committed 16064K, reserved 1048576K
}
Event: 1639.537 GC heap before
{Heap before GC invocations=84 (full 0):
 garbage-first heap   total 220160K, used 170869K [0x0000000080000000, 0x0000000100000000)
  region size 1024K, 61 young (62464K), 1 survivors (1024K)
 Metaspace       used 121589K, committed 122688K, reserved 1155072K
  class space    used 16320K, committed 16832K, reserved 1048576K
}
Event: 1639.541 GC heap after
{Heap after GC invocations=85 (full 0):
 garbage-first heap   total 220160K, used 113594K [0x0000000080000000, 0x0000000100000000)
  region size 1024K, 5 young (5120K), 5 survivors (5120K)
 Metaspace       used 121589K, committed 122688K, reserved 1155072K
  class space    used 16320K, committed 16832K, reserved 1048576K
}
Event: 2862.197 GC heap before
{Heap before GC invocations=86 (full 0):
 garbage-first heap   total 220160K, used 174010K [0x0000000080000000, 0x0000000100000000)
  region size 1024K, 64 young (65536K), 5 survivors (5120K)
 Metaspace       used 124197K, committed 125312K, reserved 1163264K
  class space    used 16667K, committed 17216K, reserved 1048576K
}
Event: 2862.200 GC heap after
{Heap after GC invocations=87 (full 0):
 garbage-first heap   total 220160K, used 116653K [0x0000000080000000, 0x0000000100000000)
  region size 1024K, 3 young (3072K), 3 survivors (3072K)
 Metaspace       used 124197K, committed 125312K, reserved 1163264K
  class space    used 16667K, committed 17216K, reserved 1048576K
}
Event: 3300.257 GC heap before
{Heap before GC invocations=87 (full 0):
 garbage-first heap   total 220160K, used 157613K [0x0000000080000000, 0x0000000100000000)
  region size 1024K, 44 young (45056K), 3 survivors (3072K)
 Metaspace       used 124375K, committed 125632K, reserved 1163264K
  class space    used 16699K, committed 17280K, reserved 1048576K
}
Event: 3300.261 GC heap after
{Heap after GC invocations=88 (full 0):
 garbage-first heap   total 220160K, used 120594K [0x0000000080000000, 0x0000000100000000)
  region size 1024K, 7 young (7168K), 7 survivors (7168K)
 Metaspace       used 124375K, committed 125632K, reserved 1163264K
  class space    used 16699K, committed 17280K, reserved 1048576K
}
Event: 3301.584 GC heap before
{Heap before GC invocations=89 (full 0):
 garbage-first heap   total 229376K, used 195346K [0x0000000080000000, 0x0000000100000000)
  region size 1024K, 64 young (65536K), 7 survivors (7168K)
 Metaspace       used 124337K, committed 125696K, reserved 1163264K
  class space    used 16699K, committed 17280K, reserved 1048576K
}
Event: 3301.590 GC heap after
{Heap after GC invocations=90 (full 0):
 garbage-first heap   total 229376K, used 124800K [0x0000000080000000, 0x0000000100000000)
  region size 1024K, 8 young (8192K), 8 survivors (8192K)
 Metaspace       used 124337K, committed 125696K, reserved 1163264K
  class space    used 16699K, committed 17280K, reserved 1048576K
}
Event: 3301.600 GC heap before
{Heap before GC invocations=90 (full 0):
 garbage-first heap   total 229376K, used 126848K [0x0000000080000000, 0x0000000100000000)
  region size 1024K, 11 young (11264K), 8 survivors (8192K)
 Metaspace       used 124342K, committed 125696K, reserved 1163264K
  class space    used 16699K, committed 17280K, reserved 1048576K
}
Event: 3301.613 GC heap after
{Heap after GC invocations=91 (full 0):
 garbage-first heap   total 229376K, used 118655K [0x0000000080000000, 0x0000000100000000)
  region size 1024K, 2 young (2048K), 2 survivors (2048K)
 Metaspace       used 124342K, committed 125696K, reserved 1163264K
  class space    used 16699K, committed 17280K, reserved 1048576K
}
Event: 3301.802 GC heap before
{Heap before GC invocations=91 (full 0):
 garbage-first heap   total 229376K, used 144255K [0x0000000080000000, 0x0000000100000000)
  region size 1024K, 28 young (28672K), 2 survivors (2048K)
 Metaspace       used 124397K, committed 125696K, reserved 1163264K
  class space    used 16706K, committed 17280K, reserved 1048576K
}
Event: 3301.805 GC heap after
{Heap after GC invocations=92 (full 0):
 garbage-first heap   total 229376K, used 119332K [0x0000000080000000, 0x0000000100000000)
  region size 1024K, 3 young (3072K), 3 survivors (3072K)
 Metaspace       used 124397K, committed 125696K, reserved 1163264K
  class space    used 16706K, committed 17280K, reserved 1048576K
}
Event: 3302.288 GC heap before
{Heap before GC invocations=93 (full 0):
 garbage-first heap   total 229376K, used 187940K [0x0000000080000000, 0x0000000100000000)
  region size 1024K, 69 young (70656K), 3 survivors (3072K)
 Metaspace       used 124909K, committed 126208K, reserved 1163264K
  class space    used 16724K, committed 17344K, reserved 1048576K
}
Event: 3302.290 GC heap after
{Heap after GC invocations=94 (full 0):
 garbage-first heap   total 229376K, used 120845K [0x0000000080000000, 0x0000000100000000)
  region size 1024K, 2 young (2048K), 2 survivors (2048K)
 Metaspace       used 124909K, committed 126208K, reserved 1163264K
  class space    used 16724K, committed 17344K, reserved 1048576K
}
Event: 3302.312 GC heap before
{Heap before GC invocations=94 (full 0):
 garbage-first heap   total 229376K, used 130061K [0x0000000080000000, 0x0000000100000000)
  region size 1024K, 11 young (11264K), 2 survivors (2048K)
 Metaspace       used 124910K, committed 126208K, reserved 1163264K
  class space    used 16724K, committed 17344K, reserved 1048576K
}
Event: 3302.319 GC heap after
{Heap after GC invocations=95 (full 0):
 garbage-first heap   total 229376K, used 109254K [0x0000000080000000, 0x0000000100000000)
  region size 1024K, 1 young (1024K), 1 survivors (1024K)
 Metaspace       used 124910K, committed 126208K, reserved 1163264K
  class space    used 16724K, committed 17344K, reserved 1048576K
}
Event: 3302.340 GC heap before
{Heap before GC invocations=95 (full 0):
 garbage-first heap   total 229376K, used 113350K [0x0000000080000000, 0x0000000100000000)
  region size 1024K, 6 young (6144K), 1 survivors (1024K)
 Metaspace       used 124910K, committed 126208K, reserved 1163264K
  class space    used 16724K, committed 17344K, reserved 1048576K
}
Event: 3302.342 GC heap after
{Heap after GC invocations=96 (full 0):
 garbage-first heap   total 229376K, used 109409K [0x0000000080000000, 0x0000000100000000)
  region size 1024K, 1 young (1024K), 1 survivors (1024K)
 Metaspace       used 124910K, committed 126208K, reserved 1163264K
  class space    used 16724K, committed 17344K, reserved 1048576K
}
Event: 3383.092 GC heap before
{Heap before GC invocations=97 (full 0):
 garbage-first heap   total 229376K, used 156513K [0x0000000080000000, 0x0000000100000000)
  region size 1024K, 40 young (40960K), 1 survivors (1024K)
 Metaspace       used 125009K, committed 126272K, reserved 1163264K
  class space    used 16724K, committed 17344K, reserved 1048576K
}

