# JRE version: OpenJDK Runtime Environment (11.0.10) (build 11.0.10+0-b96-7249189)
# Java VM: OpenJDK 64-Bit Server VM (11.0.10+0-b96-7249189, mixed mode, tiered, compressed oops, g1 gc, windows-amd64)
Heap:
 garbage-first heap   total 262144K, used 194496K [0x0000000080000000, 0x0000000100000000)
  region size 1024K, 146 young (149504K), 9 survivors (9216K)
 Metaspace       used 80382K, capacity 82492K, committed 82688K, reserved 1120256K
  class space    used 10465K, capacity 11241K, committed 11340K, reserved 1048576K
GC Heap History (15 events):
Event: 0.419 GC heap before
{Heap before GC invocations=0 (full 0):
 garbage-first heap   total 262144K, used 29696K [0x0000000080000000, 0x0000000100000000)
  region size 1024K, 24 young (24576K), 0 survivors (0K)
 Metaspace       used 10194K, capacity 10357K, committed 10624K, reserved 1058816K
  class space    used 1064K, capacity 1139K, committed 1152K, reserved 1048576K
}
Event: 0.423 GC heap after
{Heap after GC invocations=1 (full 0):
 garbage-first heap   total 262144K, used 9195K [0x0000000080000000, 0x0000000100000000)
  region size 1024K, 3 young (3072K), 3 survivors (3072K)
 Metaspace       used 10194K, capacity 10357K, committed 10624K, reserved 1058816K
  class space    used 1064K, capacity 1139K, committed 1152K, reserved 1048576K
}
Event: 1.294 GC heap before
{Heap before GC invocations=1 (full 0):
 garbage-first heap   total 262144K, used 106475K [0x0000000080000000, 0x0000000100000000)
  region size 1024K, 99 young (101376K), 3 survivors (3072K)
 Metaspace       used 20595K, capacity 21124K, committed 21248K, reserved 1067008K
  class space    used 2518K, capacity 2722K, committed 2816K, reserved 1048576K
}
Event: 1.299 GC heap after
{Heap after GC invocations=2 (full 0):
 garbage-first heap   total 262144K, used 16421K [0x0000000080000000, 0x0000000100000000)
  region size 1024K, 11 young (11264K), 11 survivors (11264K)
 Metaspace       used 20595K, capacity 21124K, committed 21248K, reserved 1067008K
  class space    used 2518K, capacity 2722K, committed 2816K, reserved 1048576K
}
Event: 1.576 GC heap before
{Heap before GC invocations=3 (full 0):
 garbage-first heap   total 262144K, used 61477K [0x0000000080000000, 0x0000000100000000)
  region size 1024K, 55 young (56320K), 11 survivors (11264K)
 Metaspace       used 25162K, capacity 25676K, committed 25728K, reserved 1071104K
  class space    used 3270K, capacity 3456K, committed 3456K, reserved 1048576K
}
Event: 1.579 GC heap after
{Heap after GC invocations=4 (full 0):
 garbage-first heap   total 262144K, used 18278K [0x0000000080000000, 0x0000000100000000)
  region size 1024K, 3 young (3072K), 3 survivors (3072K)
 Metaspace       used 25162K, capacity 25676K, committed 25728K, reserved 1071104K
  class space    used 3270K, capacity 3456K, committed 3456K, reserved 1048576K
}
Event: 2.083 GC heap before
{Heap before GC invocations=4 (full 0):
 garbage-first heap   total 262144K, used 84838K [0x0000000080000000, 0x0000000100000000)
  region size 1024K, 70 young (71680K), 3 survivors (3072K)
 Metaspace       used 35048K, capacity 35830K, committed 35840K, reserved 1081344K
  class space    used 4540K, capacity 4864K, committed 4864K, reserved 1048576K
}
Event: 2.088 GC heap after
{Heap after GC invocations=5 (full 0):
 garbage-first heap   total 262144K, used 21727K [0x0000000080000000, 0x0000000100000000)
  region size 1024K, 6 young (6144K), 6 survivors (6144K)
 Metaspace       used 35048K, capacity 35830K, committed 35840K, reserved 1081344K
  class space    used 4540K, capacity 4864K, committed 4864K, reserved 1048576K
}
Event: 2.854 GC heap before
{Heap before GC invocations=6 (full 0):
 garbage-first heap   total 262144K, used 156895K [0x0000000080000000, 0x0000000100000000)
  region size 1024K, 135 young (138240K), 6 survivors (6144K)
 Metaspace       used 45574K, capacity 46715K, committed 47052K, reserved 1089536K
  class space    used 5860K, capacity 6266K, committed 6348K, reserved 1048576K
}
Event: 2.860 GC heap after
{Heap after GC invocations=7 (full 0):
 garbage-first heap   total 262144K, used 28902K [0x0000000080000000, 0x0000000100000000)
  region size 1024K, 13 young (13312K), 13 survivors (13312K)
 Metaspace       used 45574K, capacity 46715K, committed 47052K, reserved 1089536K
  class space    used 5860K, capacity 6266K, committed 6348K, reserved 1048576K
}
Event: 3.810 GC heap before
{Heap before GC invocations=7 (full 0):
 garbage-first heap   total 262144K, used 155878K [0x0000000080000000, 0x0000000100000000)
  region size 1024K, 135 young (138240K), 13 survivors (13312K)
 Metaspace       used 58613K, capacity 60076K, committed 60288K, reserved 1101824K
  class space    used 7454K, capacity 8013K, committed 8140K, reserved 1048576K
}
Event: 3.829 GC heap after
{Heap after GC invocations=8 (full 0):
 garbage-first heap   total 262144K, used 43738K [0x0000000080000000, 0x0000000100000000)
  region size 1024K, 18 young (18432K), 18 survivors (18432K)
 Metaspace       used 58613K, capacity 60076K, committed 60288K, reserved 1101824K
  class space    used 7454K, capacity 8013K, committed 8140K, reserved 1048576K
}
Event: 4.992 GC heap before
{Heap before GC invocations=9 (full 0):
 garbage-first heap   total 262144K, used 181978K [0x0000000080000000, 0x0000000100000000)
  region size 1024K, 153 young (156672K), 18 survivors (18432K)
 Metaspace       used 70485K, capacity 72377K, committed 72576K, reserved 1112064K
  class space    used 9249K, capacity 9924K, committed 9932K, reserved 1048576K
}
Event: 5.002 GC heap after
{Heap after GC invocations=10 (full 0):
 garbage-first heap   total 262144K, used 54208K [0x0000000080000000, 0x0000000100000000)
  region size 1024K, 11 young (11264K), 11 survivors (11264K)
 Metaspace       used 70485K, capacity 72377K, committed 72576K, reserved 1112064K
  class space    used 9249K, capacity 9924K, committed 9932K, reserved 1048576K
}
Event: 16.311 GC heap before
{Heap before GC invocations=10 (full 0):
 garbage-first heap   total 262144K, used 194496K [0x0000000080000000, 0x0000000100000000)
  region size 1024K, 148 young (151552K), 11 survivors (11264K)
 Metaspace       used 80382K, capacity 82492K, committed 82688K, reserved 1120256K
  class space    used 10465K, capacity 11241K, committed 11340K, reserved 1048576K
}

