# JRE version: OpenJDK Runtime Environment (11.0.10) (build 11.0.10+0-b96-7249189)
# Java VM: OpenJDK 64-Bit Server VM (11.0.10+0-b96-7249189, mixed mode, tiered, compressed oops, g1 gc, windows-amd64)
Heap:
 garbage-first heap   total 262144K, used 144458K [0x0000000080000000, 0x0000000100000000)
  region size 1024K, 58 young (59392K), 13 survivors (13312K)
 Metaspace       used 98874K, capacity 102295K, committed 102476K, reserved 1138688K
  class space    used 12832K, capacity 14039K, committed 14156K, reserved 1048576K
GC Heap History (20 events):
Event: 2.183 GC heap before
{Heap before GC invocations=3 (full 0):
 garbage-first heap   total 262144K, used 89878K [0x0000000080000000, 0x0000000100000000)
  region size 1024K, 72 young (73728K), 11 survivors (11264K)
 Metaspace       used 26552K, capacity 27303K, committed 27392K, reserved 1073152K
  class space    used 3497K, capacity 3774K, committed 3840K, reserved 1048576K
}
Event: 2.187 GC heap after
{Heap after GC invocations=4 (full 0):
 garbage-first heap   total 262144K, used 31499K [0x0000000080000000, 0x0000000100000000)
  region size 1024K, 6 young (6144K), 6 survivors (6144K)
 Metaspace       used 26552K, capacity 27303K, committed 27392K, reserved 1073152K
  class space    used 3497K, capacity 3774K, committed 3840K, reserved 1048576K
}
Event: 2.615 GC heap before
{Heap before GC invocations=4 (full 0):
 garbage-first heap   total 262144K, used 86795K [0x0000000080000000, 0x0000000100000000)
  region size 1024K, 61 young (62464K), 6 survivors (6144K)
 Metaspace       used 34830K, capacity 35709K, committed 35840K, reserved 1081344K
  class space    used 4551K, capacity 4894K, committed 4992K, reserved 1048576K
}
Event: 2.622 GC heap after
{Heap after GC invocations=5 (full 0):
 garbage-first heap   total 262144K, used 34491K [0x0000000080000000, 0x0000000100000000)
  region size 1024K, 8 young (8192K), 8 survivors (8192K)
 Metaspace       used 34830K, capacity 35709K, committed 35840K, reserved 1081344K
  class space    used 4551K, capacity 4894K, committed 4992K, reserved 1048576K
}
Event: 3.574 GC heap before
{Heap before GC invocations=6 (full 0):
 garbage-first heap   total 262144K, used 159419K [0x0000000080000000, 0x0000000100000000)
  region size 1024K, 119 young (121856K), 8 survivors (8192K)
 Metaspace       used 44035K, capacity 45245K, committed 45440K, reserved 1089536K
  class space    used 5550K, capacity 5952K, committed 6016K, reserved 1048576K
}
Event: 3.581 GC heap after
{Heap after GC invocations=7 (full 0):
 garbage-first heap   total 262144K, used 52691K [0x0000000080000000, 0x0000000100000000)
  region size 1024K, 15 young (15360K), 15 survivors (15360K)
 Metaspace       used 44035K, capacity 45245K, committed 45440K, reserved 1089536K
  class space    used 5550K, capacity 5952K, committed 6016K, reserved 1048576K
}
Event: 4.272 GC heap before
{Heap before GC invocations=7 (full 0):
 garbage-first heap   total 262144K, used 176595K [0x0000000080000000, 0x0000000100000000)
  region size 1024K, 132 young (135168K), 15 survivors (15360K)
 Metaspace       used 51030K, capacity 52650K, committed 52736K, reserved 1095680K
  class space    used 6563K, capacity 7089K, committed 7168K, reserved 1048576K
}
Event: 4.280 GC heap after
{Heap after GC invocations=8 (full 0):
 garbage-first heap   total 262144K, used 66672K [0x0000000080000000, 0x0000000100000000)
  region size 1024K, 17 young (17408K), 17 survivors (17408K)
 Metaspace       used 51030K, capacity 52650K, committed 52736K, reserved 1095680K
  class space    used 6563K, capacity 7089K, committed 7168K, reserved 1048576K
}
Event: 4.672 GC heap before
{Heap before GC invocations=8 (full 0):
 garbage-first heap   total 262144K, used 114800K [0x0000000080000000, 0x0000000100000000)
  region size 1024K, 65 young (66560K), 17 survivors (17408K)
 Metaspace       used 58415K, capacity 60120K, committed 60160K, reserved 1101824K
  class space    used 7471K, capacity 8061K, committed 8064K, reserved 1048576K
}
Event: 4.687 GC heap after
{Heap after GC invocations=9 (full 0):
 garbage-first heap   total 262144K, used 69561K [0x0000000080000000, 0x0000000100000000)
  region size 1024K, 3 young (3072K), 3 survivors (3072K)
 Metaspace       used 58415K, capacity 60120K, committed 60160K, reserved 1101824K
  class space    used 7471K, capacity 8061K, committed 8064K, reserved 1048576K
}
Event: 5.272 GC heap before
{Heap before GC invocations=10 (full 0):
 garbage-first heap   total 262144K, used 166841K [0x0000000080000000, 0x0000000100000000)
  region size 1024K, 98 young (100352K), 3 survivors (3072K)
 Metaspace       used 66395K, capacity 68341K, committed 68684K, reserved 1107968K
  class space    used 8535K, capacity 9190K, committed 9292K, reserved 1048576K
}
Event: 5.280 GC heap after
{Heap after GC invocations=11 (full 0):
 garbage-first heap   total 262144K, used 76612K [0x0000000080000000, 0x0000000100000000)
  region size 1024K, 10 young (10240K), 10 survivors (10240K)
 Metaspace       used 66395K, capacity 68341K, committed 68684K, reserved 1107968K
  class space    used 8535K, capacity 9190K, committed 9292K, reserved 1048576K
}
Event: 6.329 GC heap before
{Heap before GC invocations=12 (full 0):
 garbage-first heap   total 262144K, used 174916K [0x0000000080000000, 0x0000000100000000)
  region size 1024K, 106 young (108544K), 10 survivors (10240K)
 Metaspace       used 74435K, capacity 76400K, committed 76492K, reserved 1116160K
  class space    used 9685K, capacity 10366K, committed 10444K, reserved 1048576K
}
Event: 6.336 GC heap after
{Heap after GC invocations=13 (full 0):
 garbage-first heap   total 262144K, used 82305K [0x0000000080000000, 0x0000000100000000)
  region size 1024K, 6 young (6144K), 6 survivors (6144K)
 Metaspace       used 74435K, capacity 76400K, committed 76492K, reserved 1116160K
  class space    used 9685K, capacity 10366K, committed 10444K, reserved 1048576K
}
Event: 7.068 GC heap before
{Heap before GC invocations=13 (full 0):
 garbage-first heap   total 262144K, used 182657K [0x0000000080000000, 0x0000000100000000)
  region size 1024K, 104 young (106496K), 6 survivors (6144K)
 Metaspace       used 85280K, capacity 87442K, committed 87628K, reserved 1124352K
  class space    used 11026K, capacity 11811K, committed 11852K, reserved 1048576K
}
Event: 7.073 GC heap after
{Heap after GC invocations=14 (full 0):
 garbage-first heap   total 262144K, used 87744K [0x0000000080000000, 0x0000000100000000)
  region size 1024K, 12 young (12288K), 12 survivors (12288K)
 Metaspace       used 85280K, capacity 87442K, committed 87628K, reserved 1124352K
  class space    used 11026K, capacity 11811K, committed 11852K, reserved 1048576K
}
Event: 8.044 GC heap before
{Heap before GC invocations=14 (full 0):
 garbage-first heap   total 262144K, used 188096K [0x0000000080000000, 0x0000000100000000)
  region size 1024K, 111 young (113664K), 12 survivors (12288K)
 Metaspace       used 90748K, capacity 93525K, committed 93772K, reserved 1130496K
  class space    used 11814K, capacity 12848K, committed 12876K, reserved 1048576K
}
Event: 8.051 GC heap after
{Heap after GC invocations=15 (full 0):
 garbage-first heap   total 262144K, used 93758K [0x0000000080000000, 0x0000000100000000)
  region size 1024K, 12 young (12288K), 12 survivors (12288K)
 Metaspace       used 90748K, capacity 93525K, committed 93772K, reserved 1130496K
  class space    used 11814K, capacity 12848K, committed 12876K, reserved 1048576K
}
Event: 234.040 GC heap before
{Heap before GC invocations=15 (full 0):
 garbage-first heap   total 262144K, used 196158K [0x0000000080000000, 0x0000000100000000)
  region size 1024K, 112 young (114688K), 12 survivors (12288K)
 Metaspace       used 96736K, capacity 100060K, committed 100172K, reserved 1136640K
  class space    used 12637K, capacity 13838K, committed 13900K, reserved 1048576K
}
Event: 234.049 GC heap after
{Heap after GC invocations=16 (full 0):
 garbage-first heap   total 262144K, used 100426K [0x0000000080000000, 0x0000000100000000)
  region size 1024K, 13 young (13312K), 13 survivors (13312K)
 Metaspace       used 96736K, capacity 100060K, committed 100172K, reserved 1136640K
  class space    used 12637K, capacity 13838K, committed 13900K, reserved 1048576K
}

