# JRE version: Java(TM) SE Runtime Environment (16.0.1+9) (build 16.0.1+9-24)
# Java VM: Java HotSpot(TM) 64-Bit Server VM (16.0.1+9-24, mixed mode, sharing, tiered, compressed oops, compressed class ptrs, g1 gc, windows-amd64)
GC Precious Log:
 CPUs: 12 total, 12 available
 Memory: 16315M
 Large Page Support: Disabled
 NUMA Support: Disabled
 Compressed Oops: Enabled (32-bit)
 Heap Region Size: 1M
 Heap Min Capacity: 8M
 Heap Initial Capacity: 256M
 Heap Max Capacity: 2G
 Pre-touch: Disabled
 Parallel Workers: 10
 Concurrent Workers: 3
 Concurrent Refinement Workers: 10
 Periodic GC: Disabled
Heap:
 garbage-first heap   total 207872K, used 121654K [0x0000000080000000, 0x0000000100000000)
  region size 1024K, 43 young (44032K), 2 survivors (2048K)
 Metaspace       used 99889K, committed 100480K, reserved 1138688K
  class space    used 13078K, committed 13376K, reserved 1048576K
GC Heap History (20 events):
Event: 16.876 GC heap before
{Heap before GC invocations=43 (full 0):
 garbage-first heap   total 207872K, used 156017K [0x0000000080000000, 0x0000000100000000)
  region size 1024K, 68 young (69632K), 6 survivors (6144K)
 Metaspace       used 77949K, committed 78592K, reserved 1122304K
  class space    used 10224K, committed 10560K, reserved 1048576K
}
Event: 16.880 GC heap after
{Heap after GC invocations=44 (full 0):
 garbage-first heap   total 207872K, used 94445K [0x0000000080000000, 0x0000000100000000)
  region size 1024K, 6 young (6144K), 6 survivors (6144K)
 Metaspace       used 77949K, committed 78592K, reserved 1122304K
  class space    used 10224K, committed 10560K, reserved 1048576K
}
Event: 16.927 GC heap before
{Heap before GC invocations=44 (full 0):
 garbage-first heap   total 207872K, used 97517K [0x0000000080000000, 0x0000000100000000)
  region size 1024K, 10 young (10240K), 6 survivors (6144K)
 Metaspace       used 78671K, committed 79296K, reserved 1122304K
  class space    used 10319K, committed 10624K, reserved 1048576K
}
Event: 16.932 GC heap after
{Heap after GC invocations=45 (full 0):
 garbage-first heap   total 207872K, used 80082K [0x0000000080000000, 0x0000000100000000)
  region size 1024K, 1 young (1024K), 1 survivors (1024K)
 Metaspace       used 78671K, committed 79296K, reserved 1122304K
  class space    used 10319K, committed 10624K, reserved 1048576K
}
Event: 20.702 GC heap before
{Heap before GC invocations=45 (full 0):
 garbage-first heap   total 207872K, used 155858K [0x0000000080000000, 0x0000000100000000)
  region size 1024K, 76 young (77824K), 1 survivors (1024K)
 Metaspace       used 81553K, committed 82176K, reserved 1122304K
  class space    used 10651K, committed 10944K, reserved 1048576K
}
Event: 20.705 GC heap after
{Heap after GC invocations=46 (full 0):
 garbage-first heap   total 207872K, used 84344K [0x0000000080000000, 0x0000000100000000)
  region size 1024K, 5 young (5120K), 5 survivors (5120K)
 Metaspace       used 81553K, committed 82176K, reserved 1122304K
  class space    used 10651K, committed 10944K, reserved 1048576K
}
Event: 74.877 GC heap before
{Heap before GC invocations=46 (full 0):
 garbage-first heap   total 207872K, used 162168K [0x0000000080000000, 0x0000000100000000)
  region size 1024K, 79 young (80896K), 5 survivors (5120K)
 Metaspace       used 91941K, committed 92608K, reserved 1130496K
  class space    used 11895K, committed 12224K, reserved 1048576K
}
Event: 74.881 GC heap after
{Heap after GC invocations=47 (full 0):
 garbage-first heap   total 207872K, used 89309K [0x0000000080000000, 0x0000000100000000)
  region size 1024K, 8 young (8192K), 8 survivors (8192K)
 Metaspace       used 91941K, committed 92608K, reserved 1130496K
  class space    used 11895K, committed 12224K, reserved 1048576K
}
Event: 75.379 GC heap before
{Heap before GC invocations=47 (full 0):
 garbage-first heap   total 207872K, used 162013K [0x0000000080000000, 0x0000000100000000)
  region size 1024K, 70 young (71680K), 8 survivors (8192K)
 Metaspace       used 92479K, committed 93120K, reserved 1130496K
  class space    used 11905K, committed 12224K, reserved 1048576K
}
Event: 75.390 GC heap after
{Heap after GC invocations=48 (full 0):
 garbage-first heap   total 207872K, used 110491K [0x0000000080000000, 0x0000000100000000)
  region size 1024K, 10 young (10240K), 10 survivors (10240K)
 Metaspace       used 92479K, committed 93120K, reserved 1130496K
  class space    used 11905K, committed 12224K, reserved 1048576K
}
Event: 76.516 GC heap before
{Heap before GC invocations=49 (full 0):
 garbage-first heap   total 207872K, used 161691K [0x0000000080000000, 0x0000000100000000)
  region size 1024K, 56 young (57344K), 10 survivors (10240K)
 Metaspace       used 92627K, committed 93312K, reserved 1130496K
  class space    used 11908K, committed 12224K, reserved 1048576K
}
Event: 76.522 GC heap after
{Heap after GC invocations=50 (full 0):
 garbage-first heap   total 207872K, used 117361K [0x0000000080000000, 0x0000000100000000)
  region size 1024K, 4 young (4096K), 4 survivors (4096K)
 Metaspace       used 92627K, committed 93312K, reserved 1130496K
  class space    used 11908K, committed 12224K, reserved 1048576K
}
Event: 76.563 GC heap before
{Heap before GC invocations=50 (full 0):
 garbage-first heap   total 207872K, used 122481K [0x0000000080000000, 0x0000000100000000)
  region size 1024K, 10 young (10240K), 4 survivors (4096K)
 Metaspace       used 92646K, committed 93312K, reserved 1130496K
  class space    used 11908K, committed 12224K, reserved 1048576K
}
Event: 76.571 GC heap after
{Heap after GC invocations=51 (full 0):
 garbage-first heap   total 207872K, used 107439K [0x0000000080000000, 0x0000000100000000)
  region size 1024K, 2 young (2048K), 2 survivors (2048K)
 Metaspace       used 92646K, committed 93312K, reserved 1130496K
  class space    used 11908K, committed 12224K, reserved 1048576K
}
Event: 76.649 GC heap before
{Heap before GC invocations=51 (full 0):
 garbage-first heap   total 207872K, used 121775K [0x0000000080000000, 0x0000000100000000)
  region size 1024K, 18 young (18432K), 2 survivors (2048K)
 Metaspace       used 92724K, committed 93376K, reserved 1130496K
  class space    used 11916K, committed 12224K, reserved 1048576K
}
Event: 76.653 GC heap after
{Heap after GC invocations=52 (full 0):
 garbage-first heap   total 207872K, used 108050K [0x0000000080000000, 0x0000000100000000)
  region size 1024K, 2 young (2048K), 2 survivors (2048K)
 Metaspace       used 92724K, committed 93376K, reserved 1130496K
  class space    used 11916K, committed 12224K, reserved 1048576K
}
Event: 77.175 GC heap before
{Heap before GC invocations=53 (full 0):
 garbage-first heap   total 207872K, used 153106K [0x0000000080000000, 0x0000000100000000)
  region size 1024K, 57 young (58368K), 2 survivors (2048K)
 Metaspace       used 94185K, committed 94848K, reserved 1138688K
  class space    used 12098K, committed 12416K, reserved 1048576K
}
Event: 77.177 GC heap after
{Heap after GC invocations=54 (full 0):
 garbage-first heap   total 207872K, used 95765K [0x0000000080000000, 0x0000000100000000)
  region size 1024K, 2 young (2048K), 2 survivors (2048K)
 Metaspace       used 94185K, committed 94848K, reserved 1138688K
  class space    used 12098K, committed 12416K, reserved 1048576K
}
Event: 77.217 GC heap before
{Heap before GC invocations=54 (full 0):
 garbage-first heap   total 207872K, used 102933K [0x0000000080000000, 0x0000000100000000)
  region size 1024K, 10 young (10240K), 2 survivors (2048K)
 Metaspace       used 94598K, committed 95232K, reserved 1138688K
  class space    used 12143K, committed 12416K, reserved 1048576K
}
Event: 77.224 GC heap after
{Heap after GC invocations=55 (full 0):
 garbage-first heap   total 207872K, used 81718K [0x0000000080000000, 0x0000000100000000)
  region size 1024K, 2 young (2048K), 2 survivors (2048K)
 Metaspace       used 94598K, committed 95232K, reserved 1138688K
  class space    used 12143K, committed 12416K, reserved 1048576K
}

