# JRE version: Java(TM) SE Runtime Environment (16.0.1+9) (build 16.0.1+9-24)
# Java VM: Java HotSpot(TM) 64-Bit Server VM (16.0.1+9-24, mixed mode, sharing, tiered, compressed oops, compressed class ptrs, g1 gc, windows-amd64)
GC Precious Log:
 CPUs: 12 total, 12 available
 Memory: 16315M
 Large Page Support: Disabled
 NUMA Support: Disabled
 Compressed Oops: Enabled (32-bit)
 Heap Region Size: 1M
 Heap Min Capacity: 8M
 Heap Initial Capacity: 256M
 Heap Max Capacity: 2G
 Pre-touch: Disabled
 Parallel Workers: 10
 Concurrent Workers: 3
 Concurrent Refinement Workers: 10
 Periodic GC: Disabled
Heap:
 garbage-first heap   total 327680K, used 229432K [0x0000000080000000, 0x0000000100000000)
  region size 1024K, 102 young (104448K), 17 survivors (17408K)
 Metaspace       used 113575K, committed 115328K, reserved 1155072K
  class space    used 15368K, committed 16256K, reserved 1048576K
GC Heap History (20 events):
Event: 603.946 GC heap before
{Heap before GC invocations=82 (full 0):
 garbage-first heap   total 327680K, used 151485K [0x0000000080000000, 0x0000000100000000)
  region size 1024K, 68 young (69632K), 7 survivors (7168K)
 Metaspace       used 110625K, committed 111808K, reserved 1146880K
  class space    used 15066K, committed 15680K, reserved 1048576K
}
Event: 603.949 GC heap after
{Heap after GC invocations=83 (full 0):
 garbage-first heap   total 327680K, used 91120K [0x0000000080000000, 0x0000000100000000)
  region size 1024K, 7 young (7168K), 7 survivors (7168K)
 Metaspace       used 110625K, committed 111808K, reserved 1146880K
  class space    used 15066K, committed 15680K, reserved 1048576K
}
Event: 648.226 GC heap before
{Heap before GC invocations=84 (full 0):
 garbage-first heap   total 327680K, used 137200K [0x0000000080000000, 0x0000000100000000)
  region size 1024K, 46 young (47104K), 7 survivors (7168K)
 Metaspace       used 110740K, committed 111936K, reserved 1146880K
  class space    used 15066K, committed 15680K, reserved 1048576K
}
Event: 648.229 GC heap after
{Heap after GC invocations=85 (full 0):
 garbage-first heap   total 327680K, used 87498K [0x0000000080000000, 0x0000000100000000)
  region size 1024K, 6 young (6144K), 6 survivors (6144K)
 Metaspace       used 110740K, committed 111936K, reserved 1146880K
  class space    used 15066K, committed 15680K, reserved 1048576K
}
Event: 648.336 GC heap before
{Heap before GC invocations=86 (full 0):
 garbage-first heap   total 327680K, used 118218K [0x0000000080000000, 0x0000000100000000)
  region size 1024K, 36 young (36864K), 6 survivors (6144K)
 Metaspace       used 110762K, committed 112000K, reserved 1146880K
  class space    used 15066K, committed 15680K, reserved 1048576K
}
Event: 648.342 GC heap after
{Heap after GC invocations=87 (full 0):
 garbage-first heap   total 327680K, used 103816K [0x0000000080000000, 0x0000000100000000)
  region size 1024K, 22 young (22528K), 22 survivors (22528K)
 Metaspace       used 110762K, committed 112000K, reserved 1146880K
  class space    used 15066K, committed 15680K, reserved 1048576K
}
Event: 679.105 GC heap before
{Heap before GC invocations=88 (full 0):
 garbage-first heap   total 327680K, used 232840K [0x0000000080000000, 0x0000000100000000)
  region size 1024K, 126 young (129024K), 22 survivors (22528K)
 Metaspace       used 110962K, committed 112128K, reserved 1146880K
  class space    used 15067K, committed 15680K, reserved 1048576K
}
Event: 679.108 GC heap after
{Heap after GC invocations=89 (full 0):
 garbage-first heap   total 327680K, used 90080K [0x0000000080000000, 0x0000000100000000)
  region size 1024K, 7 young (7168K), 7 survivors (7168K)
 Metaspace       used 110962K, committed 112128K, reserved 1146880K
  class space    used 15067K, committed 15680K, reserved 1048576K
}
Event: 688.914 GC heap before
{Heap before GC invocations=89 (full 0):
 garbage-first heap   total 327680K, used 226272K [0x0000000080000000, 0x0000000100000000)
  region size 1024K, 129 young (132096K), 7 survivors (7168K)
 Metaspace       used 111173K, committed 112448K, reserved 1146880K
  class space    used 15067K, committed 15680K, reserved 1048576K
}
Event: 688.919 GC heap after
{Heap after GC invocations=90 (full 0):
 garbage-first heap   total 327680K, used 99646K [0x0000000080000000, 0x0000000100000000)
  region size 1024K, 12 young (12288K), 12 survivors (12288K)
 Metaspace       used 111173K, committed 112448K, reserved 1146880K
  class space    used 15067K, committed 15680K, reserved 1048576K
}
Event: 701.995 GC heap before
{Heap before GC invocations=90 (full 0):
 garbage-first heap   total 327680K, used 233790K [0x0000000080000000, 0x0000000100000000)
  region size 1024K, 134 young (137216K), 12 survivors (12288K)
 Metaspace       used 111400K, committed 112576K, reserved 1146880K
  class space    used 15068K, committed 15680K, reserved 1048576K
}
Event: 701.998 GC heap after
{Heap after GC invocations=91 (full 0):
 garbage-first heap   total 327680K, used 95367K [0x0000000080000000, 0x0000000100000000)
  region size 1024K, 7 young (7168K), 7 survivors (7168K)
 Metaspace       used 111400K, committed 112576K, reserved 1146880K
  class space    used 15068K, committed 15680K, reserved 1048576K
}
Event: 725.059 GC heap before
{Heap before GC invocations=91 (full 0):
 garbage-first heap   total 327680K, used 238727K [0x0000000080000000, 0x0000000100000000)
  region size 1024K, 140 young (143360K), 7 survivors (7168K)
 Metaspace       used 112683K, committed 114304K, reserved 1146880K
  class space    used 15295K, committed 16064K, reserved 1048576K
}
Event: 725.061 GC heap after
{Heap after GC invocations=92 (full 0):
 garbage-first heap   total 327680K, used 90886K [0x0000000080000000, 0x0000000100000000)
  region size 1024K, 5 young (5120K), 5 survivors (5120K)
 Metaspace       used 112683K, committed 114304K, reserved 1146880K
  class space    used 15295K, committed 16064K, reserved 1048576K
}
Event: 726.361 GC heap before
{Heap before GC invocations=92 (full 0):
 garbage-first heap   total 327680K, used 219910K [0x0000000080000000, 0x0000000100000000)
  region size 1024K, 110 young (112640K), 5 survivors (5120K)
 Metaspace       used 113093K, committed 114816K, reserved 1155072K
  class space    used 15360K, committed 16192K, reserved 1048576K
}
Event: 726.365 GC heap after
{Heap after GC invocations=93 (full 0):
 garbage-first heap   total 327680K, used 101560K [0x0000000080000000, 0x0000000100000000)
  region size 1024K, 9 young (9216K), 9 survivors (9216K)
 Metaspace       used 113093K, committed 114816K, reserved 1155072K
  class space    used 15360K, committed 16192K, reserved 1048576K
}
Event: 742.215 GC heap before
{Heap before GC invocations=93 (full 0):
 garbage-first heap   total 327680K, used 180408K [0x0000000080000000, 0x0000000100000000)
  region size 1024K, 72 young (73728K), 9 survivors (9216K)
 Metaspace       used 113196K, committed 114880K, reserved 1155072K
  class space    used 15362K, committed 16192K, reserved 1048576K
}
Event: 742.224 GC heap after
{Heap after GC invocations=94 (full 0):
 garbage-first heap   total 327680K, used 110939K [0x0000000080000000, 0x0000000100000000)
  region size 1024K, 19 young (19456K), 19 survivors (19456K)
 Metaspace       used 113196K, committed 114880K, reserved 1155072K
  class space    used 15362K, committed 16192K, reserved 1048576K
}
Event: 1636.808 GC heap before
{Heap before GC invocations=94 (full 0):
 garbage-first heap   total 327680K, used 255323K [0x0000000080000000, 0x0000000100000000)
  region size 1024K, 148 young (151552K), 19 survivors (19456K)
 Metaspace       used 113408K, committed 115072K, reserved 1155072K
  class space    used 15363K, committed 16192K, reserved 1048576K
}
Event: 1636.819 GC heap after
{Heap after GC invocations=95 (full 0):
 garbage-first heap   total 327680K, used 120888K [0x0000000080000000, 0x0000000100000000)
  region size 1024K, 17 young (17408K), 17 survivors (17408K)
 Metaspace       used 113408K, committed 115072K, reserved 1155072K
  class space    used 15363K, committed 16192K, reserved 1048576K
}

